<?xml version="1.0" encoding="UTF-8"?>
<testsuite xmlns:xsi="http://www.w3.org/2001/XMLSchema-instance" xsi:noNamespaceSchemaLocation="https://maven.apache.org/surefire/maven-surefire-plugin/xsd/surefire-test-report-3.0.xsd" version="3.0" name="InterpreterIntegrationTest" time="0.282" tests="97" errors="0" skipped="0" failures="0">
  <properties>
    <property name="java.specification.version" value="21"/>
    <property name="sun.cpu.isalist" value="amd64"/>
    <property name="sun.jnu.encoding" value="Cp1250"/>
    <property name="java.class.path" value="C:\Users\krzys\Desktop\projekt_tkom\TKOM_PROJECT\target\test-classes;C:\Users\krzys\Desktop\projekt_tkom\TKOM_PROJECT\target\classes;C:\Users\krzys\.m2\repository\org\projectlombok\lombok\1.18.32\lombok-1.18.32.jar;C:\Users\krzys\.m2\repository\org\junit\jupiter\junit-jupiter\5.11.0-M2\junit-jupiter-5.11.0-M2.jar;C:\Users\krzys\.m2\repository\org\junit\jupiter\junit-jupiter-api\5.11.0-M2\junit-jupiter-api-5.11.0-M2.jar;C:\Users\krzys\.m2\repository\org\opentest4j\opentest4j\1.3.0\opentest4j-1.3.0.jar;C:\Users\krzys\.m2\repository\org\junit\platform\junit-platform-commons\1.11.0-M2\junit-platform-commons-1.11.0-M2.jar;C:\Users\krzys\.m2\repository\org\apiguardian\apiguardian-api\1.1.2\apiguardian-api-1.1.2.jar;C:\Users\krzys\.m2\repository\org\junit\jupiter\junit-jupiter-params\5.11.0-M2\junit-jupiter-params-5.11.0-M2.jar;C:\Users\krzys\.m2\repository\org\junit\jupiter\junit-jupiter-engine\5.11.0-M2\junit-jupiter-engine-5.11.0-M2.jar;C:\Users\krzys\.m2\repository\org\junit\platform\junit-platform-engine\1.11.0-M2\junit-platform-engine-1.11.0-M2.jar;C:\Users\krzys\.m2\repository\org\testng\testng\7.10.2\testng-7.10.2.jar;C:\Users\krzys\.m2\repository\org\slf4j\slf4j-api\1.7.36\slf4j-api-1.7.36.jar;C:\Users\krzys\.m2\repository\com\beust\jcommander\1.82\jcommander-1.82.jar;C:\Users\krzys\.m2\repository\org\webjars\jquery\3.7.1\jquery-3.7.1.jar;C:\Users\krzys\.m2\repository\org\mockito\mockito-core\5.12.0\mockito-core-5.12.0.jar;C:\Users\krzys\.m2\repository\net\bytebuddy\byte-buddy\1.14.15\byte-buddy-1.14.15.jar;C:\Users\krzys\.m2\repository\net\bytebuddy\byte-buddy-agent\1.14.15\byte-buddy-agent-1.14.15.jar;C:\Users\krzys\.m2\repository\org\objenesis\objenesis\3.3\objenesis-3.3.jar;"/>
    <property name="java.vm.vendor" value="Oracle Corporation"/>
    <property name="sun.arch.data.model" value="64"/>
    <property name="user.variant" value=""/>
    <property name="java.vendor.url" value="https://java.oracle.com/"/>
    <property name="user.timezone" value="Europe/Warsaw"/>
    <property name="os.name" value="Windows 10"/>
    <property name="java.vm.specification.version" value="21"/>
    <property name="sun.java.launcher" value="SUN_STANDARD"/>
    <property name="user.country" value="PL"/>
    <property name="sun.boot.library.path" value="C:\Program Files\Java\jdk-21\bin"/>
    <property name="sun.java.command" value="C:\Users\krzys\AppData\Local\Temp\surefire10454886517706397925\surefirebooter-20240604012050368_3.jar C:\Users\krzys\AppData\Local\Temp\surefire10454886517706397925 2024-06-04T01-20-50_142-jvmRun1 surefire-20240604012050368_1tmp surefire_0-20240604012050368_2tmp"/>
    <property name="jdk.debug" value="release"/>
    <property name="surefire.test.class.path" value="C:\Users\krzys\Desktop\projekt_tkom\TKOM_PROJECT\target\test-classes;C:\Users\krzys\Desktop\projekt_tkom\TKOM_PROJECT\target\classes;C:\Users\krzys\.m2\repository\org\projectlombok\lombok\1.18.32\lombok-1.18.32.jar;C:\Users\krzys\.m2\repository\org\junit\jupiter\junit-jupiter\5.11.0-M2\junit-jupiter-5.11.0-M2.jar;C:\Users\krzys\.m2\repository\org\junit\jupiter\junit-jupiter-api\5.11.0-M2\junit-jupiter-api-5.11.0-M2.jar;C:\Users\krzys\.m2\repository\org\opentest4j\opentest4j\1.3.0\opentest4j-1.3.0.jar;C:\Users\krzys\.m2\repository\org\junit\platform\junit-platform-commons\1.11.0-M2\junit-platform-commons-1.11.0-M2.jar;C:\Users\krzys\.m2\repository\org\apiguardian\apiguardian-api\1.1.2\apiguardian-api-1.1.2.jar;C:\Users\krzys\.m2\repository\org\junit\jupiter\junit-jupiter-params\5.11.0-M2\junit-jupiter-params-5.11.0-M2.jar;C:\Users\krzys\.m2\repository\org\junit\jupiter\junit-jupiter-engine\5.11.0-M2\junit-jupiter-engine-5.11.0-M2.jar;C:\Users\krzys\.m2\repository\org\junit\platform\junit-platform-engine\1.11.0-M2\junit-platform-engine-1.11.0-M2.jar;C:\Users\krzys\.m2\repository\org\testng\testng\7.10.2\testng-7.10.2.jar;C:\Users\krzys\.m2\repository\org\slf4j\slf4j-api\1.7.36\slf4j-api-1.7.36.jar;C:\Users\krzys\.m2\repository\com\beust\jcommander\1.82\jcommander-1.82.jar;C:\Users\krzys\.m2\repository\org\webjars\jquery\3.7.1\jquery-3.7.1.jar;C:\Users\krzys\.m2\repository\org\mockito\mockito-core\5.12.0\mockito-core-5.12.0.jar;C:\Users\krzys\.m2\repository\net\bytebuddy\byte-buddy\1.14.15\byte-buddy-1.14.15.jar;C:\Users\krzys\.m2\repository\net\bytebuddy\byte-buddy-agent\1.14.15\byte-buddy-agent-1.14.15.jar;C:\Users\krzys\.m2\repository\org\objenesis\objenesis\3.3\objenesis-3.3.jar;"/>
    <property name="sun.cpu.endian" value="little"/>
    <property name="user.home" value="C:\Users\krzys"/>
    <property name="user.language" value="pl"/>
    <property name="java.specification.vendor" value="Oracle Corporation"/>
    <property name="java.version.date" value="2023-10-17"/>
    <property name="java.home" value="C:\Program Files\Java\jdk-21"/>
    <property name="file.separator" value="\"/>
    <property name="basedir" value="C:\Users\krzys\Desktop\projekt_tkom\TKOM_PROJECT"/>
    <property name="java.vm.compressedOopsMode" value="Zero based"/>
    <property name="line.separator" value="&#10;"/>
    <property name="java.vm.specification.vendor" value="Oracle Corporation"/>
    <property name="java.specification.name" value="Java Platform API Specification"/>
    <property name="surefire.real.class.path" value="C:\Users\krzys\AppData\Local\Temp\surefire10454886517706397925\surefirebooter-20240604012050368_3.jar"/>
    <property name="user.script" value=""/>
    <property name="sun.management.compiler" value="HotSpot 64-Bit Tiered Compilers"/>
    <property name="java.runtime.version" value="21.0.1+12-LTS-29"/>
    <property name="user.name" value="krzys"/>
    <property name="stdout.encoding" value="Cp1250"/>
    <property name="path.separator" value=";"/>
    <property name="os.version" value="10.0"/>
    <property name="java.runtime.name" value="Java(TM) SE Runtime Environment"/>
    <property name="file.encoding" value="UTF-8"/>
    <property name="java.vm.name" value="Java HotSpot(TM) 64-Bit Server VM"/>
    <property name="localRepository" value="C:\Users\krzys\.m2\repository"/>
    <property name="java.vendor.url.bug" value="https://bugreport.java.com/bugreport/"/>
    <property name="java.io.tmpdir" value="C:\Users\krzys\AppData\Local\Temp\"/>
    <property name="java.version" value="21.0.1"/>
    <property name="user.dir" value="C:\Users\krzys\Desktop\projekt_tkom\TKOM_PROJECT"/>
    <property name="os.arch" value="amd64"/>
    <property name="java.vm.specification.name" value="Java Virtual Machine Specification"/>
    <property name="sun.os.patch.level" value=""/>
    <property name="native.encoding" value="Cp1250"/>
    <property name="java.library.path" value="C:\Program Files\Java\jdk-21\bin;C:\Windows\Sun\Java\bin;C:\Windows\system32;C:\Windows;C:\Program Files\Common Files\Oracle\Java\javapath;C:\Users\krzys\Documents\WINDOWS.X64_193000_db_home\bin;C:\Python311\Scripts\;C:\Python311\;C:\Program Files (x86)\VMware\VMware Player\bin\;C:\Windows\system32;C:\Windows;C:\Windows\System32\Wbem;C:\Windows\System32\WindowsPowerShell\v1.0\;C:\Windows\System32\OpenSSH\;C:\Program Files (x86)\NVIDIA Corporation\PhysX\Common;C:\Program Files\NVIDIA Corporation\NVIDIA NvDLISR;C:\MinGW\bin;C:\Program Files\Git\cmd;C:\Program Files\Microsoft SQL Server\150\Tools\Binn\;C:\Program Files\Microsoft SQL Server\Client SDK\ODBC\170\Tools\Binn\;C:\Program Files\Microsoft SQL Server\Client SDK\ODBC\110\Tools\Binn\;C:\Program Files (x86)\Microsoft SQL Server\120\Tools\Binn\;C:\Program Files\Microsoft SQL Server\120\Tools\Binn\;C:\Program Files\Microsoft SQL Server\120\DTS\Binn\;C:\Program Files (x86)\Microsoft SQL Server\120\Tools\Binn\ManagementStudio\;C:\Program Files (x86)\Microsoft SQL Server\120\DTS\Binn\;C:\Program Files\nodejs\;C:\ProgramData\chocolatey\bin;C:\Program Files\PostgreSQL\15\bin;C:\Program Files\MySQL\MySQL Server 8.0\bin;C:\Program Files\LLVM\bin;C:\Users\krzys\apache-maven-3.9.1-bin\apache-maven-3.9.1\bin;C:\Program Files\CMake\bin;C:\Program Files\dotnet\;C:\Program Files\Docker\Docker\resources\bin;C:\Program Files\MySQL\MySQL Shell 8.0\bin\;C:\Users\krzys\AppData\Local\Microsoft\WindowsApps;C:\Users\krzys\AppData\Local\Programs\Microsoft VS Code\bin;C:\Program Files\JetBrains\PyCharm 2022.1.1\bin;;C:\Program Files\JetBrains\PyCharm Community Edition 2022.1.1\bin;;C:\Program Files\JetBrains\CLion 2022.1.2\bin;;C:\Program Files\JetBrains\IntelliJ IDEA 2022.1.2\bin;;C:\Users\krzys\.jdks\openjdk-19.0.1\bin;C:\Users\krzys\AppData\Roaming\npm;C:\Program Files\JetBrains\DataGrip 2022.3.3\bin;;C:\Users\krzys\AppData\Roaming\Python\Python311\Scripts;C:\Users\krzys\AppData\Local\Pandoc\;C:\Users\krzys\apache-maven-3.9.1-bin\bin;C:\Users\krzys\.dotnet\tools;C:\Program Files\JetBrains\WebStorm 2023.2.4\bin;;."/>
    <property name="java.vm.info" value="mixed mode, sharing"/>
    <property name="stderr.encoding" value="Cp1250"/>
    <property name="java.vendor" value="Oracle Corporation"/>
    <property name="java.vm.version" value="21.0.1+12-LTS-29"/>
    <property name="sun.io.unicode.encoding" value="UnicodeLittle"/>
    <property name="java.class.version" value="65.0"/>
  </properties>
  <testcase name="TestSelectReturn" classname="InterpreterIntegrationTest" time="0.021">
    <system-out><![CDATA[Program ends with result: [4, 3]
]]></system-out>
  </testcase>
  <testcase name="WrongTypesInExpressionExceptionThree" classname="InterpreterIntegrationTest" time="0.002"/>
  <testcase name="TestListMethodDelete" classname="InterpreterIntegrationTest" time="0.004">
    <system-out><![CDATA[Program ends with result: 3
]]></system-out>
  </testcase>
  <testcase name="TestListForLoopTypesExcpetion" classname="InterpreterIntegrationTest" time="0.004"/>
  <testcase name="TestSelectStatementListWhereSingleValueNotEqual" classname="InterpreterIntegrationTest" time="0.002">
    <system-out><![CDATA[Program ends with result: [hamster, cat, cow]
]]></system-out>
  </testcase>
  <testcase name="NegatedIntegerAdd" classname="InterpreterIntegrationTest" time="0.002">
    <system-out><![CDATA[Program ends with result: -1
]]></system-out>
  </testcase>
  <testcase name="TestSelectStatementListWhereSingleDefinition" classname="InterpreterIntegrationTest" time="0.003">
    <system-out><![CDATA[Program ends with result: 3
]]></system-out>
  </testcase>
  <testcase name="testBothFalse" classname="InterpreterIntegrationTest" time="0.005">
    <system-out><![CDATA[Program ends with result: 5
]]></system-out>
  </testcase>
  <testcase name="basicReturnBool" classname="InterpreterIntegrationTest" time="0.001">
    <system-out><![CDATA[Program ends with result: true
]]></system-out>
  </testcase>
  <testcase name="TestSelectStatement" classname="InterpreterIntegrationTest" time="0.002">
    <system-out><![CDATA[Program ends with result: [6, 4, 5, 3]
]]></system-out>
  </testcase>
  <testcase name="returnTuple" classname="InterpreterIntegrationTest" time="0.002">
    <system-out><![CDATA[Program ends with result: org.example.interpreter.model.Pair@4b0d79fc
]]></system-out>
  </testcase>
  <testcase name="returnAddIntegers" classname="InterpreterIntegrationTest" time="0.002">
    <system-out><![CDATA[Program ends with result: 5
]]></system-out>
  </testcase>
  <testcase name="TestSelectStatementListWhereDefinition" classname="InterpreterIntegrationTest" time="0.003">
    <system-out><![CDATA[Program ends with result: [hamster, cat, cow]
]]></system-out>
  </testcase>
  <testcase name="TestStringDefinition" classname="InterpreterIntegrationTest" time="0.004">
    <system-out><![CDATA[Program ends with result: 2
]]></system-out>
  </testcase>
  <testcase name="basicReturnFloat" classname="InterpreterIntegrationTest" time="0.002">
    <system-out><![CDATA[Program ends with result: 1.2
]]></system-out>
  </testcase>
  <testcase name="TestDictionaryForLoopTypesExcpetion" classname="InterpreterIntegrationTest" time="0.002"/>
  <testcase name="testForLoop" classname="InterpreterIntegrationTest" time="0.001">
    <system-out><![CDATA[Program ends with result: 3
]]></system-out>
  </testcase>
  <testcase name="TestTupleDefinition" classname="InterpreterIntegrationTest" time="0.002">
    <system-out><![CDATA[Program ends with result: org.example.interpreter.model.Pair@d9345cd
]]></system-out>
  </testcase>
  <testcase name="testIfStatementFalse" classname="InterpreterIntegrationTest" time="0.002">
    <system-out><![CDATA[Program ends with result: 4
]]></system-out>
  </testcase>
  <testcase name="returnDivideIntegers" classname="InterpreterIntegrationTest" time="0.001">
    <system-out><![CDATA[Program ends with result: 1
]]></system-out>
  </testcase>
  <testcase name="basicReturnString" classname="InterpreterIntegrationTest" time="0.002">
    <system-out><![CDATA[Program ends with result: Hello
]]></system-out>
  </testcase>
  <testcase name="negatedStringException" classname="InterpreterIntegrationTest" time="0.002"/>
  <testcase name="negatedBoolean" classname="InterpreterIntegrationTest" time="0.001">
    <system-out><![CDATA[Program ends with result: false
]]></system-out>
  </testcase>
  <testcase name="TestFunctionCallTwo" classname="InterpreterIntegrationTest" time="0.005">
    <system-out><![CDATA[Hello
Program ends with result: 1
]]></system-out>
  </testcase>
  <testcase name="TestSelectStatementListWhere" classname="InterpreterIntegrationTest" time="0.002">
    <system-out><![CDATA[Program ends with result: [hamster, cat, cow]
]]></system-out>
  </testcase>
  <testcase name="stringToIntCast" classname="InterpreterIntegrationTest" time="0.002">
    <system-out><![CDATA[Program ends with result: 2
]]></system-out>
  </testcase>
  <testcase name="WrongTypesInExpressionExceptionOne" classname="InterpreterIntegrationTest" time="0.002"/>
  <testcase name="WrongTypesInExpressionExceptionTwo" classname="InterpreterIntegrationTest" time="0.001"/>
  <testcase name="TestDictionaryDeclaration" classname="InterpreterIntegrationTest" time="0.001">
    <system-out><![CDATA[Program ends with result: {a=1, b=3}
]]></system-out>
  </testcase>
  <testcase name="basicReturnBoolFalse" classname="InterpreterIntegrationTest" time="0.002">
    <system-out><![CDATA[Program ends with result: false
]]></system-out>
  </testcase>
  <testcase name="TestDictionaryMethodAdd" classname="InterpreterIntegrationTest" time="0.002">
    <system-out><![CDATA[Program ends with result: 10
]]></system-out>
  </testcase>
  <testcase name="TestDictionaryMethodGet" classname="InterpreterIntegrationTest" time="0.001">
    <system-out><![CDATA[Program ends with result: 5
]]></system-out>
  </testcase>
  <testcase name="TestDictionaryMethodSet" classname="InterpreterIntegrationTest" time="0.002">
    <system-out><![CDATA[Program ends with result: 10
]]></system-out>
  </testcase>
  <testcase name="returnAndExpression" classname="InterpreterIntegrationTest" time="0.003">
    <system-out><![CDATA[Program ends with result: true
]]></system-out>
  </testcase>
  <testcase name="IntToStringCast" classname="InterpreterIntegrationTest" time="0.002">
    <system-out><![CDATA[Program ends with result: 2
]]></system-out>
  </testcase>
  <testcase name="DivisionByZeroExceptionFloat" classname="InterpreterIntegrationTest" time="0.001"/>
  <testcase name="returnGreaterFloats" classname="InterpreterIntegrationTest" time="0.001">
    <system-out><![CDATA[Program ends with result: true
]]></system-out>
  </testcase>
  <testcase name="TestWhileVariableBeyondTheScope" classname="InterpreterIntegrationTest" time="0.002"/>
  <testcase name="TestListMethodAdd" classname="InterpreterIntegrationTest" time="0.001">
    <system-out><![CDATA[Program ends with result: 4
]]></system-out>
  </testcase>
  <testcase name="TestListMethodGet" classname="InterpreterIntegrationTest" time="0.001">
    <system-out><![CDATA[Program ends with result: 3
]]></system-out>
  </testcase>
  <testcase name="TestListMethodSet" classname="InterpreterIntegrationTest" time="0.002">
    <system-out><![CDATA[Program ends with result: 4
]]></system-out>
  </testcase>
  <testcase name="returnGreaterStrings" classname="InterpreterIntegrationTest" time="0.002">
    <system-out><![CDATA[Program ends with result: false
]]></system-out>
  </testcase>
  <testcase name="TestFunctionCall" classname="InterpreterIntegrationTest" time="0.002">
    <system-out><![CDATA[Program ends with result: -3
]]></system-out>
  </testcase>
  <testcase name="testForLoopReference" classname="InterpreterIntegrationTest" time="0.002">
    <system-out><![CDATA[1
2
3
4
5
Program ends with result: [1, 2, 3, 4, 5]
]]></system-out>
  </testcase>
  <testcase name="returnMultiplyFloat" classname="InterpreterIntegrationTest" time="0.001">
    <system-out><![CDATA[Program ends with result: 7.5
]]></system-out>
  </testcase>
  <testcase name="TestEmptyList" classname="InterpreterIntegrationTest" time="0.001">
    <system-out><![CDATA[Program ends with result: []
]]></system-out>
  </testcase>
  <testcase name="returnSubtractFloat" classname="InterpreterIntegrationTest" time="0.002">
    <system-out><![CDATA[Program ends with result: 0.79999995
]]></system-out>
  </testcase>
  <testcase name="returnsmallerOrEqualIntegers" classname="InterpreterIntegrationTest" time="0.001">
    <system-out><![CDATA[Program ends with result: false
]]></system-out>
  </testcase>
  <testcase name="NegatedInteger" classname="InterpreterIntegrationTest" time="0.001">
    <system-out><![CDATA[Program ends with result: -1
]]></system-out>
  </testcase>
  <testcase name="checkWrongReturnTypeExcpetionSecond" classname="InterpreterIntegrationTest" time="0.002"/>
  <testcase name="TestFunctionCallThree" classname="InterpreterIntegrationTest" time="0.002">
    <system-out><![CDATA[Program ends with result: 3
]]></system-out>
  </testcase>
  <testcase name="TestSelectStatementListWhereSingle" classname="InterpreterIntegrationTest" time="0.002">
    <system-out><![CDATA[Program ends with result: 3
]]></system-out>
  </testcase>
  <testcase name="TestDictionaryForLoop" classname="InterpreterIntegrationTest" time="0.001">
    <system-out><![CDATA[Program ends with result: org.example.interpreter.model.Pair@7d4f9aae
]]></system-out>
  </testcase>
  <testcase name="IntToFloatCast" classname="InterpreterIntegrationTest" time="0.002">
    <system-out><![CDATA[Program ends with result: 2.0
]]></system-out>
  </testcase>
  <testcase name="returnMulipltyIntegers" classname="InterpreterIntegrationTest" time="0.002">
    <system-out><![CDATA[Program ends with result: 6
]]></system-out>
  </testcase>
  <testcase name="returnSmallerIntegers" classname="InterpreterIntegrationTest" time="0.002">
    <system-out><![CDATA[Program ends with result: false
]]></system-out>
  </testcase>
  <testcase name="NegatedFloat" classname="InterpreterIntegrationTest" time="0.001">
    <system-out><![CDATA[Program ends with result: -1
]]></system-out>
  </testcase>
  <testcase name="testForLoopTwo" classname="InterpreterIntegrationTest" time="0.002">
    <system-out><![CDATA[Program ends with result: 5
]]></system-out>
  </testcase>
  <testcase name="TestWhileStatementTwo" classname="InterpreterIntegrationTest" time="0.001">
    <system-out><![CDATA[Program ends with result: 6
]]></system-out>
  </testcase>
  <testcase name="TestWhileStatementThree" classname="InterpreterIntegrationTest" time="0.002">
    <system-out><![CDATA[Program ends with result: 2
]]></system-out>
  </testcase>
  <testcase name="returnEqualsInteger" classname="InterpreterIntegrationTest" time="0.002">
    <system-out><![CDATA[Program ends with result: false
]]></system-out>
  </testcase>
  <testcase name="TestEmptyListTypeDoNotMatchException" classname="InterpreterIntegrationTest" time="0.002"/>
  <testcase name="TestSelectStatementDictionaryDefinition" classname="InterpreterIntegrationTest" time="0.002">
    <system-out><![CDATA[Program ends with result: {3=dog, 4=cat, 5=cow, 6=hamster}
]]></system-out>
  </testcase>
  <testcase name="returnDictionary" classname="InterpreterIntegrationTest" time="0.001">
    <system-out><![CDATA[Program ends with result: {1=1, 2=2}
]]></system-out>
  </testcase>
  <testcase name="TestSelectStatementDictionary" classname="InterpreterIntegrationTest" time="0.001">
    <system-out><![CDATA[Program ends with result: {3=dog, 4=cat, 5=cow, 6=hamster}
]]></system-out>
  </testcase>
  <testcase name="testIfStatement" classname="InterpreterIntegrationTest" time="0.001">
    <system-out><![CDATA[Program ends with result: 3
]]></system-out>
  </testcase>
  <testcase name="TestSelectStatementListWhereSingleValueDefinition" classname="InterpreterIntegrationTest" time="0.001">
    <system-out><![CDATA[Program ends with result: [dog]
]]></system-out>
  </testcase>
  <testcase name="TestIntegerDefinition" classname="InterpreterIntegrationTest" time="0.002">
    <system-out><![CDATA[Program ends with result: 2
]]></system-out>
  </testcase>
  <testcase name="testSingleIf" classname="InterpreterIntegrationTest" time="0.002">
    <system-out><![CDATA[Program ends with result: 3
]]></system-out>
  </testcase>
  <testcase name="TestFloatDeclaration" classname="InterpreterIntegrationTest" time="0.001">
    <system-out><![CDATA[Program ends with result: 2.0
]]></system-out>
  </testcase>
  <testcase name="TestDictionaryMethodDelete" classname="InterpreterIntegrationTest" time="0.002">
    <system-out><![CDATA[Program ends with result: false
]]></system-out>
  </testcase>
  <testcase name="TestSelectStatementListWhereSingleValue" classname="InterpreterIntegrationTest" time="0.001">
    <system-out><![CDATA[Program ends with result: [dog]
]]></system-out>
  </testcase>
  <testcase name="returnList" classname="InterpreterIntegrationTest" time="0.002">
    <system-out><![CDATA[Program ends with result: [1, 2]
]]></system-out>
  </testcase>
  <testcase name="TestTupleMethodGet" classname="InterpreterIntegrationTest" time="0.002">
    <system-out><![CDATA[Program ends with result: a
]]></system-out>
  </testcase>
  <testcase name="testSingleIfFalse" classname="InterpreterIntegrationTest" time="0.002">
    <system-out><![CDATA[Program ends with result: 2
]]></system-out>
  </testcase>
  <testcase name="TestListDeclaration" classname="InterpreterIntegrationTest" time="0.001">
    <system-out><![CDATA[Program ends with result: [a, b]
]]></system-out>
  </testcase>
  <testcase name="TestWhileStatement" classname="InterpreterIntegrationTest" time="0.002">
    <system-out><![CDATA[Program ends with result: 5
]]></system-out>
  </testcase>
  <testcase name="FloatToIntCast" classname="InterpreterIntegrationTest" time="0.002">
    <system-out><![CDATA[Program ends with result: 2
]]></system-out>
  </testcase>
  <testcase name="TestIntegerTypeDoNotMatchException" classname="InterpreterIntegrationTest" time="0.002"/>
  <testcase name="TestFloatDefinition" classname="InterpreterIntegrationTest" time="0.001">
    <system-out><![CDATA[Program ends with result: 2.5
]]></system-out>
  </testcase>
  <testcase name="TestTupleTypeDoNotMatchException" classname="InterpreterIntegrationTest" time="0.002"/>
  <testcase name="TestBoolDefinition" classname="InterpreterIntegrationTest" time="0.001">
    <system-out><![CDATA[Program ends with result: true
]]></system-out>
  </testcase>
  <testcase name="basicReturnIntTest" classname="InterpreterIntegrationTest" time="0.001">
    <system-out><![CDATA[Program ends with result: 0
]]></system-out>
  </testcase>
  <testcase name="TestListDefinition" classname="InterpreterIntegrationTest" time="0.002">
    <system-out><![CDATA[Program ends with result: [a, b]
]]></system-out>
  </testcase>
  <testcase name="returnGreaterIntegers" classname="InterpreterIntegrationTest" time="0.001">
    <system-out><![CDATA[Program ends with result: true
]]></system-out>
  </testcase>
  <testcase name="returnSubtractIntegers" classname="InterpreterIntegrationTest" time="0.002">
    <system-out><![CDATA[Program ends with result: 2
]]></system-out>
  </testcase>
  <testcase name="returnDivideFloat" classname="InterpreterIntegrationTest" time="0.002">
    <system-out><![CDATA[Program ends with result: 2.0
]]></system-out>
  </testcase>
  <testcase name="returnOrExpression" classname="InterpreterIntegrationTest" time="0.004">
    <system-out><![CDATA[Program ends with result: false
]]></system-out>
  </testcase>
  <testcase name="returnAddFloat" classname="InterpreterIntegrationTest" time="0.001">
    <system-out><![CDATA[Program ends with result: 6.2
]]></system-out>
  </testcase>
  <testcase name="stringToFloatCast" classname="InterpreterIntegrationTest" time="0.001">
    <system-out><![CDATA[Program ends with result: 2.0
]]></system-out>
  </testcase>
  <testcase name="checkWrongReturnTypeExcpetion" classname="InterpreterIntegrationTest" time="0.002"/>
  <testcase name="TestTupleMethodGetException" classname="InterpreterIntegrationTest" time="0.001">
    <system-out><![CDATA[Program ends with result: 5
]]></system-out>
  </testcase>
  <testcase name="DivisionByZeroExceptiom" classname="InterpreterIntegrationTest" time="0.002"/>
  <testcase name="returnAddString" classname="InterpreterIntegrationTest" time="0.002">
    <system-out><![CDATA[Program ends with result: Hello World
]]></system-out>
  </testcase>
  <testcase name="TestTupleDeclaration" classname="InterpreterIntegrationTest" time="0.002">
    <system-out><![CDATA[Program ends with result: org.example.interpreter.model.Pair@272113c4
]]></system-out>
  </testcase>
  <testcase name="TestDictionaryDefinition" classname="InterpreterIntegrationTest" time="0.002">
    <system-out><![CDATA[Program ends with result: {a=1, b=2}
]]></system-out>
  </testcase>
  <testcase name="TestStringDeclaration" classname="InterpreterIntegrationTest" time="0.002">
    <system-out><![CDATA[Program ends with result: 2
]]></system-out>
  </testcase>
</testsuite>