<?xml version="1.0" encoding="UTF-8"?>
<testsuite xmlns:xsi="http://www.w3.org/2001/XMLSchema-instance" xsi:noNamespaceSchemaLocation="https://maven.apache.org/surefire/maven-surefire-plugin/xsd/surefire-test-report-3.0.xsd" version="3.0" name="ParserIntegrationTests" time="0.05" tests="21" errors="0" skipped="0" failures="0">
  <properties>
    <property name="java.specification.version" value="21"/>
    <property name="sun.cpu.isalist" value="amd64"/>
    <property name="sun.jnu.encoding" value="Cp1250"/>
    <property name="java.class.path" value="C:\Users\krzys\Desktop\projekt_tkom\TKOM_PROJECT\target\test-classes;C:\Users\krzys\Desktop\projekt_tkom\TKOM_PROJECT\target\classes;C:\Users\krzys\.m2\repository\org\projectlombok\lombok\1.18.32\lombok-1.18.32.jar;C:\Users\krzys\.m2\repository\org\junit\jupiter\junit-jupiter\5.11.0-M2\junit-jupiter-5.11.0-M2.jar;C:\Users\krzys\.m2\repository\org\junit\jupiter\junit-jupiter-api\5.11.0-M2\junit-jupiter-api-5.11.0-M2.jar;C:\Users\krzys\.m2\repository\org\opentest4j\opentest4j\1.3.0\opentest4j-1.3.0.jar;C:\Users\krzys\.m2\repository\org\junit\platform\junit-platform-commons\1.11.0-M2\junit-platform-commons-1.11.0-M2.jar;C:\Users\krzys\.m2\repository\org\apiguardian\apiguardian-api\1.1.2\apiguardian-api-1.1.2.jar;C:\Users\krzys\.m2\repository\org\junit\jupiter\junit-jupiter-params\5.11.0-M2\junit-jupiter-params-5.11.0-M2.jar;C:\Users\krzys\.m2\repository\org\junit\jupiter\junit-jupiter-engine\5.11.0-M2\junit-jupiter-engine-5.11.0-M2.jar;C:\Users\krzys\.m2\repository\org\junit\platform\junit-platform-engine\1.11.0-M2\junit-platform-engine-1.11.0-M2.jar;C:\Users\krzys\.m2\repository\org\testng\testng\7.10.2\testng-7.10.2.jar;C:\Users\krzys\.m2\repository\org\slf4j\slf4j-api\1.7.36\slf4j-api-1.7.36.jar;C:\Users\krzys\.m2\repository\com\beust\jcommander\1.82\jcommander-1.82.jar;C:\Users\krzys\.m2\repository\org\webjars\jquery\3.7.1\jquery-3.7.1.jar;C:\Users\krzys\.m2\repository\org\mockito\mockito-core\5.12.0\mockito-core-5.12.0.jar;C:\Users\krzys\.m2\repository\net\bytebuddy\byte-buddy\1.14.15\byte-buddy-1.14.15.jar;C:\Users\krzys\.m2\repository\net\bytebuddy\byte-buddy-agent\1.14.15\byte-buddy-agent-1.14.15.jar;C:\Users\krzys\.m2\repository\org\objenesis\objenesis\3.3\objenesis-3.3.jar;"/>
    <property name="java.vm.vendor" value="Oracle Corporation"/>
    <property name="sun.arch.data.model" value="64"/>
    <property name="user.variant" value=""/>
    <property name="java.vendor.url" value="https://java.oracle.com/"/>
    <property name="user.timezone" value="Europe/Warsaw"/>
    <property name="os.name" value="Windows 10"/>
    <property name="java.vm.specification.version" value="21"/>
    <property name="sun.java.launcher" value="SUN_STANDARD"/>
    <property name="user.country" value="PL"/>
    <property name="sun.boot.library.path" value="C:\Program Files\Java\jdk-21\bin"/>
    <property name="sun.java.command" value="C:\Users\krzys\AppData\Local\Temp\surefire10454886517706397925\surefirebooter-20240604012050368_3.jar C:\Users\krzys\AppData\Local\Temp\surefire10454886517706397925 2024-06-04T01-20-50_142-jvmRun1 surefire-20240604012050368_1tmp surefire_0-20240604012050368_2tmp"/>
    <property name="jdk.debug" value="release"/>
    <property name="surefire.test.class.path" value="C:\Users\krzys\Desktop\projekt_tkom\TKOM_PROJECT\target\test-classes;C:\Users\krzys\Desktop\projekt_tkom\TKOM_PROJECT\target\classes;C:\Users\krzys\.m2\repository\org\projectlombok\lombok\1.18.32\lombok-1.18.32.jar;C:\Users\krzys\.m2\repository\org\junit\jupiter\junit-jupiter\5.11.0-M2\junit-jupiter-5.11.0-M2.jar;C:\Users\krzys\.m2\repository\org\junit\jupiter\junit-jupiter-api\5.11.0-M2\junit-jupiter-api-5.11.0-M2.jar;C:\Users\krzys\.m2\repository\org\opentest4j\opentest4j\1.3.0\opentest4j-1.3.0.jar;C:\Users\krzys\.m2\repository\org\junit\platform\junit-platform-commons\1.11.0-M2\junit-platform-commons-1.11.0-M2.jar;C:\Users\krzys\.m2\repository\org\apiguardian\apiguardian-api\1.1.2\apiguardian-api-1.1.2.jar;C:\Users\krzys\.m2\repository\org\junit\jupiter\junit-jupiter-params\5.11.0-M2\junit-jupiter-params-5.11.0-M2.jar;C:\Users\krzys\.m2\repository\org\junit\jupiter\junit-jupiter-engine\5.11.0-M2\junit-jupiter-engine-5.11.0-M2.jar;C:\Users\krzys\.m2\repository\org\junit\platform\junit-platform-engine\1.11.0-M2\junit-platform-engine-1.11.0-M2.jar;C:\Users\krzys\.m2\repository\org\testng\testng\7.10.2\testng-7.10.2.jar;C:\Users\krzys\.m2\repository\org\slf4j\slf4j-api\1.7.36\slf4j-api-1.7.36.jar;C:\Users\krzys\.m2\repository\com\beust\jcommander\1.82\jcommander-1.82.jar;C:\Users\krzys\.m2\repository\org\webjars\jquery\3.7.1\jquery-3.7.1.jar;C:\Users\krzys\.m2\repository\org\mockito\mockito-core\5.12.0\mockito-core-5.12.0.jar;C:\Users\krzys\.m2\repository\net\bytebuddy\byte-buddy\1.14.15\byte-buddy-1.14.15.jar;C:\Users\krzys\.m2\repository\net\bytebuddy\byte-buddy-agent\1.14.15\byte-buddy-agent-1.14.15.jar;C:\Users\krzys\.m2\repository\org\objenesis\objenesis\3.3\objenesis-3.3.jar;"/>
    <property name="sun.cpu.endian" value="little"/>
    <property name="user.home" value="C:\Users\krzys"/>
    <property name="user.language" value="pl"/>
    <property name="java.specification.vendor" value="Oracle Corporation"/>
    <property name="java.version.date" value="2023-10-17"/>
    <property name="java.home" value="C:\Program Files\Java\jdk-21"/>
    <property name="file.separator" value="\"/>
    <property name="basedir" value="C:\Users\krzys\Desktop\projekt_tkom\TKOM_PROJECT"/>
    <property name="java.vm.compressedOopsMode" value="Zero based"/>
    <property name="line.separator" value="&#10;"/>
    <property name="java.vm.specification.vendor" value="Oracle Corporation"/>
    <property name="java.specification.name" value="Java Platform API Specification"/>
    <property name="surefire.real.class.path" value="C:\Users\krzys\AppData\Local\Temp\surefire10454886517706397925\surefirebooter-20240604012050368_3.jar"/>
    <property name="user.script" value=""/>
    <property name="sun.management.compiler" value="HotSpot 64-Bit Tiered Compilers"/>
    <property name="java.runtime.version" value="21.0.1+12-LTS-29"/>
    <property name="user.name" value="krzys"/>
    <property name="stdout.encoding" value="Cp1250"/>
    <property name="path.separator" value=";"/>
    <property name="os.version" value="10.0"/>
    <property name="java.runtime.name" value="Java(TM) SE Runtime Environment"/>
    <property name="file.encoding" value="UTF-8"/>
    <property name="java.vm.name" value="Java HotSpot(TM) 64-Bit Server VM"/>
    <property name="localRepository" value="C:\Users\krzys\.m2\repository"/>
    <property name="java.vendor.url.bug" value="https://bugreport.java.com/bugreport/"/>
    <property name="java.io.tmpdir" value="C:\Users\krzys\AppData\Local\Temp\"/>
    <property name="java.version" value="21.0.1"/>
    <property name="user.dir" value="C:\Users\krzys\Desktop\projekt_tkom\TKOM_PROJECT"/>
    <property name="os.arch" value="amd64"/>
    <property name="java.vm.specification.name" value="Java Virtual Machine Specification"/>
    <property name="sun.os.patch.level" value=""/>
    <property name="native.encoding" value="Cp1250"/>
    <property name="java.library.path" value="C:\Program Files\Java\jdk-21\bin;C:\Windows\Sun\Java\bin;C:\Windows\system32;C:\Windows;C:\Program Files\Common Files\Oracle\Java\javapath;C:\Users\krzys\Documents\WINDOWS.X64_193000_db_home\bin;C:\Python311\Scripts\;C:\Python311\;C:\Program Files (x86)\VMware\VMware Player\bin\;C:\Windows\system32;C:\Windows;C:\Windows\System32\Wbem;C:\Windows\System32\WindowsPowerShell\v1.0\;C:\Windows\System32\OpenSSH\;C:\Program Files (x86)\NVIDIA Corporation\PhysX\Common;C:\Program Files\NVIDIA Corporation\NVIDIA NvDLISR;C:\MinGW\bin;C:\Program Files\Git\cmd;C:\Program Files\Microsoft SQL Server\150\Tools\Binn\;C:\Program Files\Microsoft SQL Server\Client SDK\ODBC\170\Tools\Binn\;C:\Program Files\Microsoft SQL Server\Client SDK\ODBC\110\Tools\Binn\;C:\Program Files (x86)\Microsoft SQL Server\120\Tools\Binn\;C:\Program Files\Microsoft SQL Server\120\Tools\Binn\;C:\Program Files\Microsoft SQL Server\120\DTS\Binn\;C:\Program Files (x86)\Microsoft SQL Server\120\Tools\Binn\ManagementStudio\;C:\Program Files (x86)\Microsoft SQL Server\120\DTS\Binn\;C:\Program Files\nodejs\;C:\ProgramData\chocolatey\bin;C:\Program Files\PostgreSQL\15\bin;C:\Program Files\MySQL\MySQL Server 8.0\bin;C:\Program Files\LLVM\bin;C:\Users\krzys\apache-maven-3.9.1-bin\apache-maven-3.9.1\bin;C:\Program Files\CMake\bin;C:\Program Files\dotnet\;C:\Program Files\Docker\Docker\resources\bin;C:\Program Files\MySQL\MySQL Shell 8.0\bin\;C:\Users\krzys\AppData\Local\Microsoft\WindowsApps;C:\Users\krzys\AppData\Local\Programs\Microsoft VS Code\bin;C:\Program Files\JetBrains\PyCharm 2022.1.1\bin;;C:\Program Files\JetBrains\PyCharm Community Edition 2022.1.1\bin;;C:\Program Files\JetBrains\CLion 2022.1.2\bin;;C:\Program Files\JetBrains\IntelliJ IDEA 2022.1.2\bin;;C:\Users\krzys\.jdks\openjdk-19.0.1\bin;C:\Users\krzys\AppData\Roaming\npm;C:\Program Files\JetBrains\DataGrip 2022.3.3\bin;;C:\Users\krzys\AppData\Roaming\Python\Python311\Scripts;C:\Users\krzys\AppData\Local\Pandoc\;C:\Users\krzys\apache-maven-3.9.1-bin\bin;C:\Users\krzys\.dotnet\tools;C:\Program Files\JetBrains\WebStorm 2023.2.4\bin;;."/>
    <property name="java.vm.info" value="mixed mode, sharing"/>
    <property name="stderr.encoding" value="Cp1250"/>
    <property name="java.vendor" value="Oracle Corporation"/>
    <property name="java.vm.version" value="21.0.1+12-LTS-29"/>
    <property name="sun.io.unicode.encoding" value="UnicodeLittle"/>
    <property name="java.class.version" value="65.0"/>
  </properties>
  <testcase name="testEmptyTuple" classname="ParserIntegrationTests" time="0.003"/>
  <testcase name="testMissingParameter" classname="ParserIntegrationTests" time="0.001"/>
  <testcase name="testSemicolonMissing" classname="ParserIntegrationTests" time="0.002"/>
  <testcase name="testWhile" classname="ParserIntegrationTests" time="0.001"/>
  <testcase name="testForLoop" classname="ParserIntegrationTests" time="0.001"/>
  <testcase name="testIf" classname="ParserIntegrationTests" time="0.001"/>
  <testcase name="ifWithoutConiditon" classname="ParserIntegrationTests" time="0.001"/>
  <testcase name="testSimpleIntFunction" classname="ParserIntegrationTests" time="0.002">
    <system-err><![CDATA[cze 04, 2024 1:20:52 AM org.example.reader.DataStreamInputReader getNextChar
WARNING: Stream closed
]]></system-err>
  </testcase>
  <testcase name="testWrongBrackets" classname="ParserIntegrationTests" time="0.001"/>
  <testcase name="testSimpleboolFunction" classname="ParserIntegrationTests" time="0.001"/>
  <testcase name="elifWithoutConiditon" classname="ParserIntegrationTests" time="0.002"/>
  <testcase name="testDuplacatedIdentifer" classname="ParserIntegrationTests" time="0.002"/>
  <testcase name="testIfElifElse" classname="ParserIntegrationTests" time="0.009"/>
  <testcase name="testMissingBracket" classname="ParserIntegrationTests" time="0.002"/>
  <testcase name="testMissingFunctionReturnType" classname="ParserIntegrationTests" time="0.002"/>
  <testcase name="emptyFor" classname="ParserIntegrationTests" time="0.001"/>
  <testcase name="testSelect" classname="ParserIntegrationTests" time="0.001"/>
  <testcase name="testDicitionaryIdentifier" classname="ParserIntegrationTests" time="0.001"/>
  <testcase name="testMissingparameterIdentifer" classname="ParserIntegrationTests" time="0.002"/>
  <testcase name="testDoubleFunctionComplexTypeFunction" classname="ParserIntegrationTests" time="0.001"/>
  <testcase name="testOperandsBeingNextToEachother" classname="ParserIntegrationTests" time="0.002"/>
</testsuite>